-96.059405501804008
-130.40590517943977
-34.365128091505511
-33.912779751995544
64.763827494506202
98.663363231773488
40.765814774777930
73.808828333590085
-25.595635209917432
56.223541680660702
-42.456807443193370
-18.454153358526220
-68.446963711530955
-44.154936011689664
-26.031647379560585
-26.373034414411290
-7.9439847116971007
18.740850522536512
-22.387861505540545
13.886553713053342
-18.564977711325103
59.212625607484490
41.091157724013797
52.546007477337341
-19.117816317574892
3.0668277527207835
-50.730755635877863
-18.096117266961894
-70.440755443261324
-19.711091843827596
-64.616817042939587
-17.709181442789262
13.981043639630796
-22.008576248340958
-6.4553096145724327
-10.114656229352896
78.029622236490553
71.438328276198348
79.286633792141231
87.757750147700094
95.412013217980956
16.423413603807006
40.615914638568313
-39.019340967637021
-54.906732560292276
