1 12.0 2020.60833333 2020.64166667
2 24.0 2020.60833333 2020.67222222
3 12.0 2020.64166667 2020.67222222
4 36.0 2020.60833333 2020.70555556
5 24.0 2020.64166667 2020.70555556
6 12.0 2020.67222222 2020.70555556
7 36.0 2020.64166667 2020.73888889
8 24.0 2020.67222222 2020.73888889
9 12.0 2020.70555556 2020.73888889
10 36.0 2020.67222222 2020.76944444
11 24.0 2020.70555556 2020.76944444
12 12.0 2020.73888889 2020.76944444
13 36.0 2020.70555556 2020.80277778
14 24.0 2020.73888889 2020.80277778
15 12.0 2020.76944444 2020.80277778
16 36.0 2020.73888889 2020.83611111
17 24.0 2020.76944444 2020.83611111
18 12.0 2020.80277778 2020.83611111
19 36.0 2020.76944444 2020.86944444
20 24.0 2020.80277778 2020.86944444
21 12.0 2020.83611111 2020.86944444
22 36.0 2020.80277778 2020.90277778
23 24.0 2020.83611111 2020.90277778
24 12.0 2020.86944444 2020.90277778
25 36.0 2020.83611111 2020.93333333
26 24.0 2020.86944444 2020.93333333
27 12.0 2020.90277778 2020.93333333
28 36.0 2020.86944444 2020.96666667
29 24.0 2020.90277778 2020.96666667
30 12.0 2020.93333333 2020.96666667
31 36.0 2020.90277778 2021.0
32 24.0 2020.93333333 2021.0
33 12.0 2020.96666667 2021.0
34 36.0 2020.93333333 2021.03333333
35 24.0 2020.96666667 2021.03333333
36 12.0 2021.0 2021.03333333
37 36.0 2020.96666667 2021.06666667
38 24.0 2021.0 2021.06666667
39 12.0 2021.03333333 2021.06666667
40 36.0 2021.0 2021.09722222
41 24.0 2021.03333333 2021.09722222
42 12.0 2021.06666667 2021.09722222
43 36.0 2021.03333333 2021.13055556
44 24.0 2021.06666667 2021.13055556
45 12.0 2021.09722222 2021.13055556
